<?xml version="1.0" encoding="UTF-8"?>
<!-- Generated by org.testng.reporters.JUnitReportReporter -->
<testsuite skipped="0" hostname="AvishekS" name="seleniumWithMavenSource.MavenFirstClass" tests="3" failures="0" timestamp="21 Jan 2021 16:22:24 GMT" time="0.015" errors="0">
  <testcase name="methodTwo" time="0.001" classname="seleniumWithMavenSource.MavenFirstClass"/>
  <testcase name="methodOne" time="0.013" classname="seleniumWithMavenSource.MavenFirstClass"/>
  <testcase name="methodThree" time="0.001" classname="seleniumWithMavenSource.MavenFirstClass"/>
</testsuite> <!-- seleniumWithMavenSource.MavenFirstClass -->
