<?xml version="1.0" encoding="UTF-8"?>
<!-- Generated by org.testng.reporters.JUnitReportReporter -->
<testsuite skipped="0" hostname="AvishekS" name="seleniumWithMavenSource.MavenSecondClass" tests="2" failures="0" timestamp="21 Jan 2021 16:12:39 GMT" time="92.839" errors="0">
  <testcase name="methodTwo" time="46.359" classname="seleniumWithMavenSource.MavenSecondClass"/>
  <testcase name="methodOne" time="46.480" classname="seleniumWithMavenSource.MavenSecondClass"/>
</testsuite> <!-- seleniumWithMavenSource.MavenSecondClass -->
