<?xml version="1.0" encoding="UTF-8"?>
<!-- Generated by org.testng.reporters.JUnitReportReporter -->
<testsuite skipped="0" hostname="AvishekS" name="seleniumWithMavenSource.MavenFirstClass" tests="2" failures="0" timestamp="18 Jan 2021 12:32:00 GMT" time="0.020" errors="0">
  <testcase name="printMethod1" time="0.002" classname="seleniumWithMavenSource.MavenFirstClass"/>
  <testcase name="printMethod" time="0.018" classname="seleniumWithMavenSource.MavenFirstClass"/>
</testsuite> <!-- seleniumWithMavenSource.MavenFirstClass -->
